TN:
SF:src\presentation\http-helper.ts
FN:3,badRequest
FNF:1
FNH:1
FNDA:5,badRequest
DA:1,1
DA:2,1
DA:3,1
DA:4,5
DA:5,5
DA:6,5
LF:6
LH:6
BRDA:3,0,0,5
BRF:1
BRH:1
end_of_record
TN:
SF:src\presentation\controllers\signUp.ts
FN:9,<instance_members_initializer>
FN:11,SignUpController
FN:15,handle
FNF:3
FNH:3
FNDA:5,<instance_members_initializer>
FNDA:5,SignUpController
FNDA:5,handle
DA:1,1
DA:2,1
DA:3,1
DA:4,1
DA:5,1
DA:6,1
DA:7,1
DA:8,1
DA:9,1
DA:10,1
DA:11,1
DA:12,5
DA:13,5
DA:14,1
DA:15,1
DA:16,5
DA:17,5
DA:18,14
DA:19,4
DA:20,4
DA:21,14
DA:22,1
DA:23,1
DA:24,1
DA:25,1
DA:26,1
DA:27,1
DA:28,5
DA:29,1
LF:29
LH:29
BRDA:9,0,0,5
BRDA:11,1,0,5
BRDA:15,2,0,5
BRDA:17,3,0,14
BRDA:18,4,0,4
BRDA:22,5,0,1
BRF:6
BRH:6
end_of_record
TN:
SF:src\presentation\errors\invalidParamsError.ts
FN:2,InvalidParamError
FNF:1
FNH:1
FNDA:2,InvalidParamError
DA:1,1
DA:2,1
DA:3,2
DA:4,2
DA:5,2
DA:6,1
LF:6
LH:6
BRDA:2,0,0,2
BRF:1
BRH:1
end_of_record
TN:
SF:src\presentation\errors\missingParamsError.ts
FN:2,MissingParamError
FNF:1
FNH:1
FNDA:8,MissingParamError
DA:1,1
DA:2,1
DA:3,8
DA:4,8
DA:5,8
DA:6,1
LF:6
LH:6
BRDA:2,0,0,8
BRF:1
BRH:1
end_of_record
TN:
SF:src\protocols\controller.ts
FN:1,(empty-report)
FNF:1
FNH:0
FNDA:0,(empty-report)
DA:1,0
DA:2,0
DA:3,0
DA:4,0
DA:5,0
LF:5
LH:0
BRDA:1,0,0,0
BRF:1
BRH:0
end_of_record
TN:
SF:src\protocols\email-validator.ts
FN:1,(empty-report)
FNF:1
FNH:0
FNDA:0,(empty-report)
DA:1,0
DA:2,0
DA:3,0
LF:3
LH:0
BRDA:1,0,0,0
BRF:1
BRH:0
end_of_record
TN:
SF:src\protocols\http.ts
FN:1,(empty-report)
FNF:1
FNH:0
FNDA:0,(empty-report)
DA:1,0
DA:2,0
DA:3,0
DA:4,0
DA:5,0
DA:6,0
DA:7,0
DA:8,0
DA:9,0
LF:9
LH:0
BRDA:1,0,0,0
BRF:1
BRH:0
end_of_record
