TN:
SF:src\presentation\http-helper.ts
FN:4,badRequest
FN:9,serverError
FNF:2
FNH:2
FNDA:5,badRequest
FNDA:1,serverError
DA:1,1
DA:2,1
DA:3,1
DA:4,1
DA:5,5
DA:6,5
DA:7,5
DA:8,1
DA:9,1
DA:10,1
DA:11,1
DA:12,1
LF:12
LH:12
BRDA:4,0,0,5
BRDA:9,1,0,1
BRF:2
BRH:2
end_of_record
TN:
SF:src\presentation\controllers\signUp.ts
FN:9,<instance_members_initializer>
FN:11,SignUpController
FN:15,handle
FNF:3
FNH:3
FNDA:7,<instance_members_initializer>
FNDA:7,SignUpController
FNDA:7,handle
DA:1,1
DA:2,1
DA:3,1
DA:4,1
DA:5,1
DA:6,1
DA:7,1
DA:8,1
DA:9,1
DA:10,1
DA:11,1
DA:12,7
DA:13,7
DA:14,1
DA:15,1
DA:16,7
DA:17,7
DA:18,7
DA:19,22
DA:20,4
DA:21,4
DA:22,22
DA:23,3
DA:24,3
DA:25,3
DA:26,7
DA:27,1
DA:28,1
DA:29,7
DA:30,1
DA:31,1
DA:32,7
DA:33,1
LF:33
LH:33
BRDA:9,0,0,7
BRDA:11,1,0,7
BRDA:15,2,0,7
BRDA:18,3,0,22
BRDA:19,4,0,4
BRDA:23,5,0,3
BRDA:26,6,0,1
BRDA:29,7,0,1
BRF:8
BRH:8
end_of_record
TN:
SF:src\presentation\errors\invalidParamsError.ts
FN:2,InvalidParamError
FNF:1
FNH:1
FNDA:2,InvalidParamError
DA:1,1
DA:2,1
DA:3,2
DA:4,2
DA:5,2
DA:6,1
LF:6
LH:6
BRDA:2,0,0,2
BRF:1
BRH:1
end_of_record
TN:
SF:src\presentation\errors\missingParamsError.ts
FN:2,MissingParamError
FNF:1
FNH:1
FNDA:8,MissingParamError
DA:1,1
DA:2,1
DA:3,8
DA:4,8
DA:5,8
DA:6,1
LF:6
LH:6
BRDA:2,0,0,8
BRF:1
BRH:1
end_of_record
TN:
SF:src\presentation\errors\serverError.ts
FN:2,ServerError
FNF:1
FNH:1
FNDA:2,ServerError
DA:1,1
DA:2,1
DA:3,2
DA:4,2
DA:5,2
DA:6,1
LF:6
LH:6
BRDA:2,0,0,2
BRF:1
BRH:1
end_of_record
TN:
SF:src\protocols\controller.ts
FN:1,(empty-report)
FNF:1
FNH:0
FNDA:0,(empty-report)
DA:1,0
DA:2,0
DA:3,0
DA:4,0
DA:5,0
LF:5
LH:0
BRDA:1,0,0,0
BRF:1
BRH:0
end_of_record
TN:
SF:src\protocols\email-validator.ts
FN:1,(empty-report)
FNF:1
FNH:0
FNDA:0,(empty-report)
DA:1,0
DA:2,0
DA:3,0
LF:3
LH:0
BRDA:1,0,0,0
BRF:1
BRH:0
end_of_record
TN:
SF:src\protocols\http.ts
FN:1,(empty-report)
FNF:1
FNH:0
FNDA:0,(empty-report)
DA:1,0
DA:2,0
DA:3,0
DA:4,0
DA:5,0
DA:6,0
DA:7,0
DA:8,0
DA:9,0
LF:9
LH:0
BRDA:1,0,0,0
BRF:1
BRH:0
end_of_record
